
===============================================

[%] Successfully launched ChromeDriver
[%] Successfully opened link.
[%] Scrolling down.
[%] Successfully clicked 'Show More Button'.
[%] Reached end of Page.
[%] Closed ChromeDriver.
[%] Indexed 415 Possible Images.

===============================================

[%] Getting Image Information.

------------------------------------------

[%] Getting info on: https://www.yogajournal.com/.image/t_share/MTQ2MTgwODAyNDAyNzg4ODk2/yogapedia_277_13_fnl-astavakrasana.jpg
[%] Downloading Image #1 from https://www.yogajournal.com/.image/t_share/MTQ2MTgwODAyNDAyNzg4ODk2/yogapedia_277_13_fnl-astavakrasana.jpg
[%] Downloaded File

------------------------------------------

[%] Getting info on: https://www.yogajournal.com/.image/t_share/MTQ2MTgwODAxNTk2MTcxODA4/august2000asana_5.jpg
[%] Downloading Image #2 from https://www.yogajournal.com/.image/t_share/MTQ2MTgwODAxNTk2MTcxODA4/august2000asana_5.jpg
[%] Downloaded File

------------------------------------------

[%] Getting info on: https://static1.squarespace.com/static/53c723f0e4b057b2aaf90c0f/552de631e4b0b52c41ea7ee7/552de640e4b0e28fdced3afb/1429071424847/122-Astavakrasana-1-Jack-Cuneo.jpg
[%] Downloading Image #3 from https://static1.squarespace.com/static/53c723f0e4b057b2aaf90c0f/552de631e4b0b52c41ea7ee7/552de640e4b0e28fdced3afb/1429071424847/122-Astavakrasana-1-Jack-Cuneo.jpg
[%] Downloaded File

------------------------------------------

[%] Getting info on: https://i.ytimg.com/vi/MFEy55bG2Lo/hqdefault.jpg
[%] Downloading Image #4 from https://i.ytimg.com/vi/MFEy55bG2Lo/hqdefault.jpg
[%] Downloaded File

------------------------------------------

[%] Getting info on: https://upload.wikimedia.org/wikipedia/commons/thumb/f/f8/Mr-yoga-ashtavakra-prep.jpg/220px-Mr-yoga-ashtavakra-prep.jpg
[%] Downloading Image #5 from https://upload.wikimedia.org/wikipedia/commons/thumb/f/f8/Mr-yoga-ashtavakra-prep.jpg/220px-Mr-yoga-ashtavakra-prep.jpg
[%] Downloaded File

------------------------------------------

[%] Getting info on: https://www.yogajournal.com/.image/ar_3:2%2Cc_limit%2Ccs_srgb%2Cfl_progressive%2Cq_auto:good%2Cw_700/MTQ2MTgwODAyNjY4MDEzMDg4/yogapedia_277_08_fnl-astavakrasana-prep.jpg
[%] Downloading Image #6 from https://www.yogajournal.com/.image/ar_3:2%2Cc_limit%2Ccs_srgb%2Cfl_progressive%2Cq_auto:good%2Cw_700/MTQ2MTgwODAyNjY4MDEzMDg4/yogapedia_277_08_fnl-astavakrasana-prep.jpg
[%] Downloaded File

------------------------------------------

[%] Getting info on: http://vyfhealth.com/wp-content/uploads/2015/12/22-Ashtra-Vakrasana-Custom.jpg
[%] Downloading Image #7 from http://vyfhealth.com/wp-content/uploads/2015/12/22-Ashtra-Vakrasana-Custom.jpg
[%] Downloaded File

------------------------------------------

[%] Getting info on: https://www.yogaasan.com/wp-content/uploads/2016/09/image0082.png
[%] Downloading Image #8 from https://www.yogaasan.com/wp-content/uploads/2016/09/image0082.png
[%] Downloaded File

------------------------------------------

[%] Getting info on: https://www.karineisen.com/wp-content/uploads/2017/03/Astavakrasana-SC-web-thumb.jpg
[%] Downloading Image #9 from https://www.karineisen.com/wp-content/uploads/2017/03/Astavakrasana-SC-web-thumb.jpg
[%] Downloaded File

------------------------------------------

[%] Getting info on: https://www.yogajournal.com/.image/ar_3:2%2Cc_limit%2Ccs_srgb%2Cfl_progressive%2Cq_auto:good%2Cw_700/MTQ2MTgwODAyNjY3ODgyMDE2/yogapedia_277_07_fnl-astavakrasana-prep.jpg
[%] Downloading Image #10 from https://www.yogajournal.com/.image/ar_3:2%2Cc_limit%2Ccs_srgb%2Cfl_progressive%2Cq_auto:good%2Cw_700/MTQ2MTgwODAyNjY3ODgyMDE2/yogapedia_277_07_fnl-astavakrasana-prep.jpg
[%] Downloaded File

------------------------------------------

[%] Getting info on: https://thumbs.dreamstime.com/b/eight-angle-pose-astavakrasana-sporty-happy-beautiful-young-woman-practicing-yoga-doing-arm-stand-asymmetrical-arm-balance-working-66275187.jpg
[%] Downloading Image #11 from https://thumbs.dreamstime.com/b/eight-angle-pose-astavakrasana-sporty-happy-beautiful-young-woman-practicing-yoga-doing-arm-stand-asymmetrical-arm-balance-working-66275187.jpg
[%] Downloaded File

------------------------------------------

[%] Getting info on: https://www.karineisen.com/wp-content/uploads/2017/03/Astavakrasana-seated-version-web-large.jpg
[%] Downloading Image #12 from https://www.karineisen.com/wp-content/uploads/2017/03/Astavakrasana-seated-version-web-large.jpg
[%] Downloaded File

------------------------------------------

[%] Getting info on: http://yogaposes8.com/wp-content/uploads/2016/07/astavakrasana-yoga-pose_7.jpg
[%] Downloading Image #13 from http://yogaposes8.com/wp-content/uploads/2016/07/astavakrasana-yoga-pose_7.jpg
[%] Downloaded File

------------------------------------------

[%] Getting info on: https://upload.wikimedia.org/wikipedia/commons/thumb/1/13/Astavakrasana.jpg/1200px-Astavakrasana.jpg
[%] Downloading Image #14 from https://upload.wikimedia.org/wikipedia/commons/thumb/1/13/Astavakrasana.jpg/1200px-Astavakrasana.jpg
[%] Downloaded File

------------------------------------------

[%] Getting info on: https://www.yogahealthjournal.com/wp-content/uploads/2017/10/Eight-Angle-Pose.jpg
[%] Downloading Image #15 from https://www.yogahealthjournal.com/wp-content/uploads/2017/10/Eight-Angle-Pose.jpg
[%] Downloaded File

------------------------------------------

[%] Getting info on: https://yogaberd.files.wordpress.com/2015/08/img_2913.jpg?w=300&h=300
[%] Downloading Image #16 from https://yogaberd.files.wordpress.com/2015/08/img_2913.jpg?w=300&h=300
[%] Downloaded File

------------------------------------------

[%] Getting info on: https://grokker-pictures.freetls.fastly.net/53/0d/picture_530d314b9c9c59dd7b000164_38
[%] Downloading Image #17 from https://grokker-pictures.freetls.fastly.net/53/0d/picture_530d314b9c9c59dd7b000164_38
[%] Downloaded File

------------------------------------------

[%] Getting info on: https://previews.123rf.com/images/elenaray/elenaray1209/elenaray120900106/15508470-self-determined-woman-in-the-yoga-posture-astavakrasana-.jpg
[%] Downloading Image #18 from https://previews.123rf.com/images/elenaray/elenaray1209/elenaray120900106/15508470-self-determined-woman-in-the-yoga-posture-astavakrasana-.jpg
[%] Downloaded File

------------------------------------------

[%] Getting info on: https://www.sarvyoga.com/wp-content/uploads/2017/07/Astavakrasana-Eight-Angle-Pose-steps-and-benefits-yoga-pose.jpg
[%] Downloading Image #19 from https://www.sarvyoga.com/wp-content/uploads/2017/07/Astavakrasana-Eight-Angle-Pose-steps-and-benefits-yoga-pose.jpg
[%] Downloaded File

------------------------------------------

[%] Getting info on: https://beyogi.com/wp-content/uploads/2015/03/Eight-Angle-Pose-Astavakrasana.png
[%] Downloading Image #20 from https://beyogi.com/wp-content/uploads/2015/03/Eight-Angle-Pose-Astavakrasana.png
[%] Downloaded File

------------------------------------------

[%] Getting info on: https://lifenlesson.com/wp-content/uploads/2017/03/Astavakra.jpg
[%] Downloading Image #21 from https://lifenlesson.com/wp-content/uploads/2017/03/Astavakra.jpg
[%] Downloaded File

------------------------------------------

[%] Getting info on: https://cdn2.stylecraze.com/wp-content/uploads/2013/08/How-To-Do-The-Astavakrasana-And-What-Are-Its-Benefits-1.jpg
[%] Downloading Image #22 from https://cdn2.stylecraze.com/wp-content/uploads/2013/08/How-To-Do-The-Astavakrasana-And-What-Are-Its-Benefits-1.jpg
[%] Downloaded File

------------------------------------------

[%] Getting info on: https://static1.squarespace.com/static/5372014be4b0db8de8ce9150/t/57cbfbd3be659421cb6fa5df/1472986083475/
[%] Downloading Image #23 from https://static1.squarespace.com/static/5372014be4b0db8de8ce9150/t/57cbfbd3be659421cb6fa5df/1472986083475/
[%] Downloaded File

------------------------------------------

[%] Getting info on: https://www.yogajournal.com/.image/t_share/MTQ2MTgwNzc4Nzc3NTg1MTg0/yogapedia_277_06_fnl-astavakrasana-prep.jpg
[%] Downloading Image #24 from https://www.yogajournal.com/.image/t_share/MTQ2MTgwNzc4Nzc3NTg1MTg0/yogapedia_277_06_fnl-astavakrasana-prep.jpg
[%] Downloaded File

------------------------------------------

[%] Getting info on: http://st1.thehealthsite.com/wp-content/uploads/2016/10/Fitness-astavakrasana-THS-655x353.jpg
[%] Downloading Image #25 from http://st1.thehealthsite.com/wp-content/uploads/2016/10/Fitness-astavakrasana-THS-655x353.jpg
[%] Downloaded File

------------------------------------------

[%] Getting info on: https://i.ytimg.com/vi/9W-9mVrdm08/maxresdefault.jpg
[%] Downloading Image #26 from https://i.ytimg.com/vi/9W-9mVrdm08/maxresdefault.jpg
[%] Downloaded File

------------------------------------------

[%] Getting info on: https://pnimages.lululemon.com/content/dam/lululemon/www-images/Features%20-%20redesign%20launch%20assets/the-sweat-life/how-to-astavakrasana/imagecomponent_v1_astavakrasana.jpg
[%] Downloading Image #27 from https://pnimages.lululemon.com/content/dam/lululemon/www-images/Features%20-%20redesign%20launch%20assets/the-sweat-life/how-to-astavakrasana/imagecomponent_v1_astavakrasana.jpg
[!] Issue Downloading: https://pnimages.lululemon.com/content/dam/lululemon/www-images/Features%20-%20redesign%20launch%20assets/the-sweat-life/how-to-astavakrasana/imagecomponent_v1_astavakrasana.jpg
[!] Error: ('Connection aborted.', error("(104, 'ECONNRESET')",))
[!] Skipping https://pnimages.lululemon.com/content/dam/lululemon/www-images/Features%20-%20redesign%20launch%20assets/the-sweat-life/how-to-astavakrasana/imagecomponent_v1_astavakrasana.jpg. Can't download or no metadata.


------------------------------------------

[%] Getting info on: https://st2.depositphotos.com/4157265/6510/i/950/depositphotos_65108091-stock-photo-yogi-female-in-yoga-asana.jpg
[%] Downloading Image #27 from https://st2.depositphotos.com/4157265/6510/i/950/depositphotos_65108091-stock-photo-yogi-female-in-yoga-asana.jpg
[%] Downloaded File

------------------------------------------

[%] Getting info on: http://www.yogaposeweekly.ali.fitness/wp-content/uploads/2013/01/yogabliss-12.jpg
[%] Downloading Image #28 from http://www.yogaposeweekly.ali.fitness/wp-content/uploads/2013/01/yogabliss-12.jpg
[!] Issue Downloading: http://www.yogaposeweekly.ali.fitness/wp-content/uploads/2013/01/yogabliss-12.jpg
[!] Error: HTTPConnectionPool(host='www.yogaposeweekly.ali.fitness', port=80): Max retries exceeded with url: /wp-content/uploads/2013/01/yogabliss-12.jpg (Caused by NewConnectionError('<requests.packages.urllib3.connection.HTTPConnection object at 0x7f0f2eceaf50>: Failed to establish a new connection: [Errno -2] Name or service not known',))
[!] Skipping http://www.yogaposeweekly.ali.fitness/wp-content/uploads/2013/01/yogabliss-12.jpg. Can't download or no metadata.


------------------------------------------

[%] Getting info on: http://media.yogaanatomy.net/images/astavakrasana.jpg
[%] Downloading Image #28 from http://media.yogaanatomy.net/images/astavakrasana.jpg
[%] Downloaded File

------------------------------------------

[%] Getting info on: https://pnimages.lululemon.com/content/dam/lululemon/www-images/Features%20-%20redesign%20launch%20assets/the-sweat-life/how-to-astavakrasana/imagecomponent_v5_astavakrasana.jpg
[%] Downloading Image #29 from https://pnimages.lululemon.com/content/dam/lululemon/www-images/Features%20-%20redesign%20launch%20assets/the-sweat-life/how-to-astavakrasana/imagecomponent_v5_astavakrasana.jpg
[!] Issue Downloading: https://pnimages.lululemon.com/content/dam/lululemon/www-images/Features%20-%20redesign%20launch%20assets/the-sweat-life/how-to-astavakrasana/imagecomponent_v5_astavakrasana.jpg
[!] Error: ('Connection aborted.', error("(104, 'ECONNRESET')",))
[!] Skipping https://pnimages.lululemon.com/content/dam/lululemon/www-images/Features%20-%20redesign%20launch%20assets/the-sweat-life/how-to-astavakrasana/imagecomponent_v5_astavakrasana.jpg. Can't download or no metadata.


------------------------------------------

[%] Getting info on: https://love.yogapaws.com/hs-fs/hub/13108/file-13135314-jpg/images/img_0372.jpg?t=1529592219700
[%] Downloading Image #29 from https://love.yogapaws.com/hs-fs/hub/13108/file-13135314-jpg/images/img_0372.jpg?t=1529592219700
[%] Downloaded File

------------------------------------------

[%] Getting info on: https://www.yogajournal.com/.image/t_share/MTQ2MTgwNzEwODY2MzYzODM3/hp_245_014_fnl.jpg
[%] Downloading Image #30 from https://www.yogajournal.com/.image/t_share/MTQ2MTgwNzEwODY2MzYzODM3/hp_245_014_fnl.jpg
[%] Downloaded File

------------------------------------------

[%] Getting info on: https://thumbs.dreamstime.com/b/variation-eight-angle-pose-sporty-beautiful-young-woman-practicing-yoga-doing-astavakrasana-arm-stand-easy-version-66274893.jpg
[%] Downloading Image #31 from https://thumbs.dreamstime.com/b/variation-eight-angle-pose-sporty-beautiful-young-woman-practicing-yoga-doing-astavakrasana-arm-stand-easy-version-66274893.jpg
[%] Downloaded File

------------------------------------------

[%] Getting info on: https://1.bp.blogspot.com/-98ozF03m-hY/V6yl2q6EwBI/AAAAAAAACkI/OcHISlKElSULLcfoKMcSQslW7xfR0_8MgCLcB/s1600/Astavakrasana%2BYoga%2BPose%2BStep%2B3.png
[%] Downloading Image #32 from https://1.bp.blogspot.com/-98ozF03m-hY/V6yl2q6EwBI/AAAAAAAACkI/OcHISlKElSULLcfoKMcSQslW7xfR0_8MgCLcB/s1600/Astavakrasana%2BYoga%2BPose%2BStep%2B3.png
[%] Downloaded File

------------------------------------------

[%] Getting info on: https://previews.123rf.com/images/milkos/milkos1701/milkos170100173/68755635-young-slim-blond-woman-in-yoga-class-making-asana-exercises-girl-do-eight-angle-pose-astavakrasana-h.jpg
[%] Downloading Image #33 from https://previews.123rf.com/images/milkos/milkos1701/milkos170100173/68755635-young-slim-blond-woman-in-yoga-class-making-asana-exercises-girl-do-eight-angle-pose-astavakrasana-h.jpg
[%] Downloaded File

------------------------------------------

[%] Getting info on: https://i.pinimg.com/originals/db/ff/52/dbff527c7d1512c4e8b42647f4d4b023.jpg
[%] Downloading Image #34 from https://i.pinimg.com/originals/db/ff/52/dbff527c7d1512c4e8b42647f4d4b023.jpg
[%] Downloaded File

------------------------------------------

[%] Getting info on: http://www.ebhasin.com/apps/PersonalTrainer/modules/yoga/images/Astavakrasana/Astavakrasana.jpg
[%] Downloading Image #35 from http://www.ebhasin.com/apps/PersonalTrainer/modules/yoga/images/Astavakrasana/Astavakrasana.jpg
[%] Downloaded File

------------------------------------------

[%] Getting info on: http://www.thenerdyyogi.com/wp-content/uploads/2015/10/Story-Behind-Astavakrasana-1024x640.png
[%] Downloading Image #36 from http://www.thenerdyyogi.com/wp-content/uploads/2015/10/Story-Behind-Astavakrasana-1024x640.png
[%] Downloaded File

------------------------------------------

[%] Getting info on: https://s-media-cache-ak0.pinimg.com/originals/ce/da/57/ceda57fa320f849eb8b1cfa4bbefe131.jpg
[%] Downloading Image #37 from https://s-media-cache-ak0.pinimg.com/originals/ce/da/57/ceda57fa320f849eb8b1cfa4bbefe131.jpg
[%] Downloaded File

------------------------------------------

[%] Getting info on: https://i.pinimg.com/originals/c1/55/07/c155075d7356058062e50db3b117bc39.jpg
[%] Downloading Image #38 from https://i.pinimg.com/originals/c1/55/07/c155075d7356058062e50db3b117bc39.jpg
[%] Downloaded File

------------------------------------------

[%] Getting info on: https://yogaberd.files.wordpress.com/2015/08/img_20150731_125423.jpg?w=300&h=300
[%] Downloading Image #39 from https://yogaberd.files.wordpress.com/2015/08/img_20150731_125423.jpg?w=300&h=300
[%] Downloaded File

------------------------------------------

[%] Getting info on: https://thumb7.shutterstock.com/display_pic_with_logo/167881400/543706174/stock-photo-young-man-practicing-yoga-doing-an-asana-astavakrasana-or-hand-standing-pose-on-yoga-mat-isolated-543706174.jpg
[%] Downloading Image #40 from https://thumb7.shutterstock.com/display_pic_with_logo/167881400/543706174/stock-photo-young-man-practicing-yoga-doing-an-asana-astavakrasana-or-hand-standing-pose-on-yoga-mat-isolated-543706174.jpg
[%] Downloaded File

------------------------------------------

[%] Getting info on: https://plethorathemes.com/healthflex/yoga-studio/wp-content/uploads/sites/7/2017/03/woman-practices-yoga-in-a-studio-1024x681.jpg
[%] Downloading Image #41 from https://plethorathemes.com/healthflex/yoga-studio/wp-content/uploads/sites/7/2017/03/woman-practices-yoga-in-a-studio-1024x681.jpg
[%] Downloaded File

------------------------------------------

[%] Getting info on: http://allyogapositions.com/wp-content/uploads/2016/07/astavakrasana-pose-yoga_5.jpg
[%] Downloading Image #42 from http://allyogapositions.com/wp-content/uploads/2016/07/astavakrasana-pose-yoga_5.jpg
[%] Downloaded File

------------------------------------------

[%] Getting info on: https://media.gettyimages.com/photos/woman-practicing-astavakrasana-against-wall-at-home-picture-id748491295?s=612x612
[%] Downloading Image #43 from https://media.gettyimages.com/photos/woman-practicing-astavakrasana-against-wall-at-home-picture-id748491295?s=612x612
[%] Downloaded File

------------------------------------------

[%] Getting info on: http://www.yogaposeweekly.ali.fitness/wp-content/uploads/2013/01/Yogabliss-61.jpg
[%] Downloading Image #44 from http://www.yogaposeweekly.ali.fitness/wp-content/uploads/2013/01/Yogabliss-61.jpg
[!] Issue Downloading: http://www.yogaposeweekly.ali.fitness/wp-content/uploads/2013/01/Yogabliss-61.jpg
[!] Error: HTTPConnectionPool(host='www.yogaposeweekly.ali.fitness', port=80): Max retries exceeded with url: /wp-content/uploads/2013/01/Yogabliss-61.jpg (Caused by NewConnectionError('<requests.packages.urllib3.connection.HTTPConnection object at 0x7f0f2ecb9890>: Failed to establish a new connection: [Errno -2] Name or service not known',))
[!] Skipping http://www.yogaposeweekly.ali.fitness/wp-content/uploads/2013/01/Yogabliss-61.jpg. Can't download or no metadata.


------------------------------------------

[%] Getting info on: https://gracelingyu.files.wordpress.com/2013/04/astavakrasana-eight-angle-pose.jpg
[%] Downloading Image #44 from https://gracelingyu.files.wordpress.com/2013/04/astavakrasana-eight-angle-pose.jpg
[%] Downloaded File

------------------------------------------

[%] Getting info on: http://moga.yoga/wp-content/uploads/2017/04/IMG_5985.jpg
[%] Downloading Image #45 from http://moga.yoga/wp-content/uploads/2017/04/IMG_5985.jpg
[%] Downloaded File

------------------------------------------

[%] Getting info on: https://previews.123rf.com/images/comotomo/comotomo1704/comotomo170400007/75595782-women-silhouette-eight-angle-yoga-pose-astavakrasana.jpg
[%] Downloading Image #46 from https://previews.123rf.com/images/comotomo/comotomo1704/comotomo170400007/75595782-women-silhouette-eight-angle-yoga-pose-astavakrasana.jpg
[%] Downloaded File

------------------------------------------

[%] Getting info on: https://i.ytimg.com/vi/QPZxXp0Hank/hqdefault.jpg
[%] Downloading Image #47 from https://i.ytimg.com/vi/QPZxXp0Hank/hqdefault.jpg
[%] Downloaded File

------------------------------------------

[%] Getting info on: https://practicallyyoga.files.wordpress.com/2015/12/dsc_0130.jpg
[%] Downloading Image #48 from https://practicallyyoga.files.wordpress.com/2015/12/dsc_0130.jpg
[%] Downloaded File

------------------------------------------

[%] Getting info on: http://www.yoga-tribe.com/images/shari.jpg
[%] Downloading Image #49 from http://www.yoga-tribe.com/images/shari.jpg
[%] Downloaded File

------------------------------------------

[%] Getting info on: https://i.pinimg.com/originals/34/21/3b/34213b636a6351518e0cc834dfbdefc7.jpg
[%] Downloading Image #50 from https://i.pinimg.com/originals/34/21/3b/34213b636a6351518e0cc834dfbdefc7.jpg
[%] Downloaded File

------------------------------------------

[%] Getting info on: https://c1.staticflickr.com/6/5108/5656218963_5ab8fd2e60_b.jpg
[%] Downloading Image #51 from https://c1.staticflickr.com/6/5108/5656218963_5ab8fd2e60_b.jpg
[%] Downloaded File

------------------------------------------

[%] Getting info on: https://st2.depositphotos.com/4157265/9449/i/950/depositphotos_94496372-stock-photo-handstand-astavakrasana-pose.jpg
[%] Downloading Image #52 from https://st2.depositphotos.com/4157265/9449/i/950/depositphotos_94496372-stock-photo-handstand-astavakrasana-pose.jpg
[%] Downloaded File

------------------------------------------

[%] Getting info on: https://www.verywellfit.com/thmb/dAYCtUIm9r38FVZqu9cvDRPe4tw=/768x0/filters:no_upscale():max_bytes(150000):strip_icc()/astavakrasana-56aa41753df78cf772aed9dd.jpg
[%] Downloading Image #53 from https://www.verywellfit.com/thmb/dAYCtUIm9r38FVZqu9cvDRPe4tw=/768x0/filters:no_upscale():max_bytes(150000):strip_icc()/astavakrasana-56aa41753df78cf772aed9dd.jpg
[%] Downloaded File

------------------------------------------

[%] Getting info on: https://www.yogatoday.com/files/images/uploads/made/files/images/uploads/poses/PD010AA_8Angle_Rachel__MG_7024_WEB_1300_725_s_c1.jpg
[%] Downloading Image #54 from https://www.yogatoday.com/files/images/uploads/made/files/images/uploads/poses/PD010AA_8Angle_Rachel__MG_7024_WEB_1300_725_s_c1.jpg
[%] Downloaded File

------------------------------------------

[%] Getting info on: https://www.sensational-yoga-poses.com/images/arm-balance-yoga-astavakrasana-0072w.jpg
[%] Downloading Image #55 from https://www.sensational-yoga-poses.com/images/arm-balance-yoga-astavakrasana-0072w.jpg
[%] Downloaded File

------------------------------------------

[%] Getting info on: http://breatheyogaandwellness.com/live/wp-content/uploads/2017/10/ashtavakra-story-1-800x450.jpg
[%] Downloading Image #56 from http://breatheyogaandwellness.com/live/wp-content/uploads/2017/10/ashtavakra-story-1-800x450.jpg
[%] Downloaded File

------------------------------------------

[%] Getting info on: https://envato-shoebox-0.imgix.net/1130/8af3-7611-49ae-9ab7-ace59bc15ba4/yogs-27.jpg?auto=compress%2Cformat&fit=max&mark=https%3A%2F%2Felements-assets.envato.com%2Fstatic%2Fwatermark2.png&markalign=center%2Cmiddle&markalpha=18&w=700&s=3631fadd7e618fe1233377019591f4a2
[%] Downloading Image #57 from https://envato-shoebox-0.imgix.net/1130/8af3-7611-49ae-9ab7-ace59bc15ba4/yogs-27.jpg?auto=compress%2Cformat&fit=max&mark=https%3A%2F%2Felements-assets.envato.com%2Fstatic%2Fwatermark2.png&markalign=center%2Cmiddle&markalpha=18&w=700&s=3631fadd7e618fe1233377019591f4a2
[%] Downloaded File

------------------------------------------

[%] Getting info on: https://c8.alamy.com/comp/EK02PM/female-yoga-astavakrasana-eight-angle-pose-EK02PM.jpg
[%] Downloading Image #58 from https://c8.alamy.com/comp/EK02PM/female-yoga-astavakrasana-eight-angle-pose-EK02PM.jpg
[%] Downloaded File

------------------------------------------

[%] Getting info on: https://i.ytimg.com/vi/ARX2pysYE8g/hqdefault.jpg
[%] Downloading Image #59 from https://i.ytimg.com/vi/ARX2pysYE8g/hqdefault.jpg
[%] Downloaded File

------------------------------------------

[%] Getting info on: http://pranayoga.co.in/asana/wp-content/uploads/Astavakrasana-Eight-angle-posture.jpg
[%] Downloading Image #60 from http://pranayoga.co.in/asana/wp-content/uploads/Astavakrasana-Eight-angle-posture.jpg
[%] Downloaded File

------------------------------------------

[%] Getting info on: https://cdn-thumbs.barewalls.com/young-woman-doing-astavakrasana-exercise_bwc55118919.jpg
[%] Downloading Image #61 from https://cdn-thumbs.barewalls.com/young-woman-doing-astavakrasana-exercise_bwc55118919.jpg
[%] Downloaded File

------------------------------------------

[%] Getting info on: https://static1.squarespace.com/static/575c85fb7c65e453e6db94b7/t/58b71857e6f2e10f3ccdb494/1488394341874/Yoga_Adriana_Astavakrasana
[%] Downloading Image #62 from https://static1.squarespace.com/static/575c85fb7c65e453e6db94b7/t/58b71857e6f2e10f3ccdb494/1488394341874/Yoga_Adriana_Astavakrasana
[%] Downloaded File

------------------------------------------

[%] Getting info on: http://lightyoga.co/wp-content/uploads/2009/12/ASTAVAKRASANA.JPG
[%] Downloading Image #63 from http://lightyoga.co/wp-content/uploads/2009/12/ASTAVAKRASANA.JPG
[%] Downloaded File

------------------------------------------

[%] Getting info on: http://createyouressence.com/wp-content/uploads/2017/10/Eight-Angle-Pose-Astavakrasana-1.jpg
[%] Downloading Image #64 from http://createyouressence.com/wp-content/uploads/2017/10/Eight-Angle-Pose-Astavakrasana-1.jpg
[%] Downloaded File

------------------------------------------

[%] Getting info on: http://www.ourhealthpage.com/wp-content/uploads/2018/04/8-Angle-Pose-3-1-min.jpg
[%] Downloading Image #65 from http://www.ourhealthpage.com/wp-content/uploads/2018/04/8-Angle-Pose-3-1-min.jpg
[%] Downloaded File

------------------------------------------

[%] Getting info on: https://static1.squarespace.com/static/5008a3c6c4aa6450352d2303/t/52ab1132e4b0291b4d28c116/1386942771123/how-to-do-8-angle-variation.jpg
[%] Downloading Image #66 from https://static1.squarespace.com/static/5008a3c6c4aa6450352d2303/t/52ab1132e4b0291b4d28c116/1386942771123/how-to-do-8-angle-variation.jpg
[%] Downloaded File

------------------------------------------

[%] Getting info on: http://1.bp.blogspot.com/_1psuDVx-3Hc/SNmAy_yeoTI/AAAAAAAADA8/XuaVKsmEIDQ/s400/Astavakrasana.png
[%] Downloading Image #67 from http://1.bp.blogspot.com/_1psuDVx-3Hc/SNmAy_yeoTI/AAAAAAAADA8/XuaVKsmEIDQ/s400/Astavakrasana.png
[%] Downloaded File

------------------------------------------

[%] Getting info on: https://www.sensational-yoga-poses.com/images/arm-balance-yoga-astavakrasana-9942.jpg
[%] Downloading Image #68 from https://www.sensational-yoga-poses.com/images/arm-balance-yoga-astavakrasana-9942.jpg
[%] Downloaded File

------------------------------------------

[%] Getting info on: https://t4.ftcdn.net/jpg/00/54/53/39/240_F_54533966_CO8Gl4tEkB0RoSRJr9ERAy41XchluoNx.jpg
[%] Downloading Image #69 from https://t4.ftcdn.net/jpg/00/54/53/39/240_F_54533966_CO8Gl4tEkB0RoSRJr9ERAy41XchluoNx.jpg
[%] Downloaded File

------------------------------------------

[%] Getting info on: https://i.ytimg.com/vi/9iBrqOuUUkU/maxresdefault.jpg
[%] Downloading Image #70 from https://i.ytimg.com/vi/9iBrqOuUUkU/maxresdefault.jpg
[%] Downloaded File

------------------------------------------

[%] Getting info on: https://thumbs.dreamstime.com/b/yogi-female-asana-astavakrasana-sporty-beautiful-young-woman-white-sportswear-doing-arm-stand-asymmetrical-arm-balance-eight-57184623.jpg
[%] Downloading Image #71 from https://thumbs.dreamstime.com/b/yogi-female-asana-astavakrasana-sporty-beautiful-young-woman-white-sportswear-doing-arm-stand-asymmetrical-arm-balance-eight-57184623.jpg
[%] Downloaded File

------------------------------------------

[%] Getting info on: https://i2.wp.com/www.yogadivinity.com/wp-content/uploads/2015/09/yogapedia_277_05_FNL.jpg?w=550
[%] Downloading Image #72 from https://i2.wp.com/www.yogadivinity.com/wp-content/uploads/2015/09/yogapedia_277_05_FNL.jpg?w=550
[%] Downloaded File

------------------------------------------

[%] Getting info on: https://api-vixyvideo-com.akamaized.net/p/114/sp/11400/thumbnail/entry_id/0_4d9it39z/version/100052/acv/492/width/928/height/522
[%] Downloading Image #73 from https://api-vixyvideo-com.akamaized.net/p/114/sp/11400/thumbnail/entry_id/0_4d9it39z/version/100052/acv/492/width/928/height/522
[%] Downloaded File

------------------------------------------

[%] Getting info on: https://www.yogajournal.com/.image/t_share/MTQ2MTgwNjcyNzcyNTE1MjYx/rina-eight-angle-astavakrasana.jpg
[%] Downloading Image #74 from https://www.yogajournal.com/.image/t_share/MTQ2MTgwNjcyNzcyNTE1MjYx/rina-eight-angle-astavakrasana.jpg
[%] Downloaded File

------------------------------------------

[%] Getting info on: https://previews.123rf.com/images/gladkov/gladkov1606/gladkov160600063/60825150-two-young-women-doing-yoga-asana-eight-angle-pose-astavakrasana.jpg
[%] Downloading Image #75 from https://previews.123rf.com/images/gladkov/gladkov1606/gladkov160600063/60825150-two-young-women-doing-yoga-asana-eight-angle-pose-astavakrasana.jpg
[%] Downloaded File

------------------------------------------

[%] Getting info on: http://www.yogacards.com/yoga-postures-2/yoga-postures-2/astavakrasana.jpg
[%] Downloading Image #76 from http://www.yogacards.com/yoga-postures-2/yoga-postures-2/astavakrasana.jpg
[%] Downloaded File

------------------------------------------

[%] Getting info on: https://www.howtogetrid.org/wp-content/uploads/2014/05/astavakrasana.jpg
[%] Downloading Image #77 from https://www.howtogetrid.org/wp-content/uploads/2014/05/astavakrasana.jpg
[%] Downloaded File

------------------------------------------

[%] Getting info on: http://ashtangaphilippa.com/wp-content/uploads/2015/10/6.-Astavakrasana.jpg
[%] Downloading Image #78 from http://ashtangaphilippa.com/wp-content/uploads/2015/10/6.-Astavakrasana.jpg
[%] Downloaded File

------------------------------------------

[%] Getting info on: http://www.sandiegoyoga.com/gallery/thumbs/lrg-6-beginning_astavakrasana.jpg
[%] Downloading Image #79 from http://www.sandiegoyoga.com/gallery/thumbs/lrg-6-beginning_astavakrasana.jpg
[%] Downloaded File

------------------------------------------

[%] Getting info on: https://media.istockphoto.com/photos/eight-angle-pose-astavakrasana-yoga-sport-training-and-lifestyle-picture-id937279144
[%] Downloading Image #80 from https://media.istockphoto.com/photos/eight-angle-pose-astavakrasana-yoga-sport-training-and-lifestyle-picture-id937279144
[%] Downloaded File

------------------------------------------

[%] Getting info on: https://www.yogapedia.com/images/uploads/2e10d36ca7cd45bb897027f46a16c32b.png
[%] Downloading Image #81 from https://www.yogapedia.com/images/uploads/2e10d36ca7cd45bb897027f46a16c32b.png
[%] Downloaded File

------------------------------------------

[%] Getting info on: http://wellnessfrominside.typepad.com/.a/6a010536dcacac970b01348907bb78970c-pi
[%] Downloading Image #82 from http://wellnessfrominside.typepad.com/.a/6a010536dcacac970b01348907bb78970c-pi
[%] Downloaded File

------------------------------------------

[%] Getting info on: https://i.pinimg.com/originals/ac/4f/11/ac4f115182802ac2e0025007f8fab2e4.jpg
[%] Downloading Image #83 from https://i.pinimg.com/originals/ac/4f/11/ac4f115182802ac2e0025007f8fab2e4.jpg
[%] Downloaded File

------------------------------------------

[%] Getting info on: http://media.gettyimages.com/photos/astavakrasana-eight-angle-yoga-pose-and-hand-stand-picture-id177088513?s=170667a&w=1007
[%] Downloading Image #84 from http://media.gettyimages.com/photos/astavakrasana-eight-angle-yoga-pose-and-hand-stand-picture-id177088513?s=170667a&w=1007
[%] Downloaded File

------------------------------------------

[%] Getting info on: http://stylesatlife.com/wp-content/uploads/2015/09/Astavakrasana-400x240.jpg
[%] Downloading Image #85 from http://stylesatlife.com/wp-content/uploads/2015/09/Astavakrasana-400x240.jpg
[%] Downloaded File

------------------------------------------

[%] Getting info on: https://www.sensational-yoga-poses.com/images/astavakrasana-arm-balance-prep-shoulder-shift-to-lift-hips-9861.jpg
[%] Downloading Image #86 from https://www.sensational-yoga-poses.com/images/astavakrasana-arm-balance-prep-shoulder-shift-to-lift-hips-9861.jpg
[%] Downloaded File

------------------------------------------

[%] Getting info on: https://st3.depositphotos.com/1912333/18902/i/1600/depositphotos_189023918-stock-photo-eight-angle-pose-astavakrasana-yoga.jpg
[%] Downloading Image #87 from https://st3.depositphotos.com/1912333/18902/i/1600/depositphotos_189023918-stock-photo-eight-angle-pose-astavakrasana-yoga.jpg
[%] Downloaded File

------------------------------------------

[%] Getting info on: https://78.media.tumblr.com/ed751caba77050e61c262345cc3104f4/tumblr_n1xuyeKGNo1qed1eao1_1280.jpg
[%] Downloading Image #88 from https://78.media.tumblr.com/ed751caba77050e61c262345cc3104f4/tumblr_n1xuyeKGNo1qed1eao1_1280.jpg
[%] Downloaded File

------------------------------------------

[%] Getting info on: http://aboutyoga.in/wp-content/uploads/2013/12/Astavakrasana3.jpg
[%] Downloading Image #89 from http://aboutyoga.in/wp-content/uploads/2013/12/Astavakrasana3.jpg
[%] Downloaded File

------------------------------------------

[%] Getting info on: https://media.istockphoto.com/photos/young-attractive-woman-in-astavakrasana-pose-white-studio-backg-picture-id639099148
[%] Downloading Image #90 from https://media.istockphoto.com/photos/young-attractive-woman-in-astavakrasana-pose-white-studio-backg-picture-id639099148
[%] Downloaded File

------------------------------------------

[%] Getting info on: https://bonnyleeyoga.files.wordpress.com/2015/05/astavakrasana.jpg
[%] Downloading Image #91 from https://bonnyleeyoga.files.wordpress.com/2015/05/astavakrasana.jpg
[%] Downloaded File

------------------------------------------

[%] Getting info on: https://therapeutesmagazine.com/wp-content/uploads/2016/08/23.jpg
[%] Downloading Image #92 from https://therapeutesmagazine.com/wp-content/uploads/2016/08/23.jpg
[%] Downloaded File

------------------------------------------

[%] Getting info on: https://i.pinimg.com/originals/48/0b/e0/480be01ff0148e18936db8cecee8f94e.jpg
[%] Downloading Image #93 from https://i.pinimg.com/originals/48/0b/e0/480be01ff0148e18936db8cecee8f94e.jpg
[%] Downloaded File

------------------------------------------

[%] Getting info on: https://d1oqwsnd25kjn6.cloudfront.net/production/files/108593/large_16x9/Astavakrasana_thumbnail.png?1429515701
[%] Downloading Image #94 from https://d1oqwsnd25kjn6.cloudfront.net/production/files/108593/large_16x9/Astavakrasana_thumbnail.png?1429515701
[%] Downloaded File

------------------------------------------

[%] Getting info on: https://yogaartandfood.files.wordpress.com/2014/07/photo-10.jpg
[%] Downloading Image #95 from https://yogaartandfood.files.wordpress.com/2014/07/photo-10.jpg
[%] Downloaded File

------------------------------------------

[%] Getting info on: https://emmanewlynyoga.files.wordpress.com/2014/02/crazy8s1.jpg
[%] Downloading Image #96 from https://emmanewlynyoga.files.wordpress.com/2014/02/crazy8s1.jpg
[%] Downloaded File

------------------------------------------

[%] Getting info on: https://fourthchakrayoga.files.wordpress.com/2016/03/eight-angle-pose-astavakrasana.png
[%] Downloading Image #97 from https://fourthchakrayoga.files.wordpress.com/2016/03/eight-angle-pose-astavakrasana.png
[%] Downloaded File

------------------------------------------

[%] Getting info on: https://c1.staticflickr.com/6/5244/5241132836_71f01c1172_b.jpg
[%] Downloading Image #98 from https://c1.staticflickr.com/6/5244/5241132836_71f01c1172_b.jpg
[%] Downloaded File

------------------------------------------

[%] Getting info on: https://www.gatheryoga.com/wp-content/uploads/edd/2016/09/Astavarkasana-bundle-1.png
[%] Downloading Image #99 from https://www.gatheryoga.com/wp-content/uploads/edd/2016/09/Astavarkasana-bundle-1.png
[%] Downloaded File

------------------------------------------

[%] Getting info on: http://yogachicago.com/wp-content/uploads/2014/09/7-Yoga-Pose-astavakrasana-1.jpg
[%] Downloading Image #100 from http://yogachicago.com/wp-content/uploads/2014/09/7-Yoga-Pose-astavakrasana-1.jpg
[%] Downloaded File

------------------------------------------

[%] Getting info on: http://www.hscripts.com/freeimages/icons/yogas/arm-balance-poses/astavakrasana/astavakrasana7.gif
[%] Downloading Image #101 from http://www.hscripts.com/freeimages/icons/yogas/arm-balance-poses/astavakrasana/astavakrasana7.gif
[!] Issue Downloading: http://www.hscripts.com/freeimages/icons/yogas/arm-balance-poses/astavakrasana/astavakrasana7.gif
[!] Error: Image returned a 504 error.
[!] Skipping http://www.hscripts.com/freeimages/icons/yogas/arm-balance-poses/astavakrasana/astavakrasana7.gif. Can't download or no metadata.


------------------------------------------

[%] Getting info on: https://c8.alamy.com/comp/KW0TDJ/young-woman-practicing-yoga-astavakrasana-eight-angle-pose-KW0TDJ.jpg
[%] Downloading Image #101 from https://c8.alamy.com/comp/KW0TDJ/young-woman-practicing-yoga-astavakrasana-eight-angle-pose-KW0TDJ.jpg
[%] Downloaded File

------------------------------------------

[%] Getting info on: http://wineandcereal.com/wp-content/uploads/2017/09/Yoga-300x200.jpg
[%] Downloading Image #102 from http://wineandcereal.com/wp-content/uploads/2017/09/Yoga-300x200.jpg
[%] Downloaded File

------------------------------------------

[%] Getting info on: https://grokker-pictures.freetls.fastly.net/52/2a/picture_522a7cd5ca7d9dca550000d9_38
[%] Downloading Image #103 from https://grokker-pictures.freetls.fastly.net/52/2a/picture_522a7cd5ca7d9dca550000d9_38
[%] Downloaded File

------------------------------------------

[%] Getting info on: https://thumb1.shutterstock.com/display_pic_with_logo/177045982/686581120/stock-photo-strong-flexible-yoga-man-in-astavakrasana-arm-balance-pose-686581120.jpg
[%] Downloading Image #104 from https://thumb1.shutterstock.com/display_pic_with_logo/177045982/686581120/stock-photo-strong-flexible-yoga-man-in-astavakrasana-arm-balance-pose-686581120.jpg
[%] Downloaded File

------------------------------------------

[%] Getting info on: http://fulcrumblu.com/wp-content/uploads/2012/05/astavakrasana-front-rek.jpg
[%] Downloading Image #105 from http://fulcrumblu.com/wp-content/uploads/2012/05/astavakrasana-front-rek.jpg
[%] Downloaded File

------------------------------------------

[%] Getting info on: https://i.pinimg.com/474x/a9/08/df/a908dfc947320106fe7904b70b5f335b.jpg
[%] Downloading Image #106 from https://i.pinimg.com/474x/a9/08/df/a908dfc947320106fe7904b70b5f335b.jpg
[%] Downloaded File

------------------------------------------

[%] Getting info on: https://i.ytimg.com/vi/ds8UXcXQODk/maxresdefault.jpg
[%] Downloading Image #107 from https://i.ytimg.com/vi/ds8UXcXQODk/maxresdefault.jpg
[%] Downloaded File

------------------------------------------

[%] Getting info on: https://static1.squarespace.com/static/53c723f0e4b057b2aaf90c0f/552de631e4b0b52c41ea7ee7/552de631e4b0c9f97dd47733/1429071410076/122-astavakrasana-yoga-pose-iyengar.jpg
[%] Downloading Image #108 from https://static1.squarespace.com/static/53c723f0e4b057b2aaf90c0f/552de631e4b0b52c41ea7ee7/552de631e4b0c9f97dd47733/1429071410076/122-astavakrasana-yoga-pose-iyengar.jpg
[%] Downloaded File

------------------------------------------

[%] Getting info on: http://www.coconutinsider.com/cebu/yoga/jeanne/images/astavakrasana.jpg
[%] Downloading Image #109 from http://www.coconutinsider.com/cebu/yoga/jeanne/images/astavakrasana.jpg
[%] Downloaded File

------------------------------------------

[%] Getting info on: https://www.karineisen.com/wp-content/uploads/2017/03/Astavakrasana-arm-detail-web-large.jpg
[%] Downloading Image #110 from https://www.karineisen.com/wp-content/uploads/2017/03/Astavakrasana-arm-detail-web-large.jpg
[%] Downloaded File

------------------------------------------

[%] Getting info on: http://3.bp.blogspot.com/-J0jO2WbCH7Q/UIcBkl5hU0I/AAAAAAAAAT4/Ad7oRWhg1co/s1600/IMG_8267.jpg
[%] Downloading Image #111 from http://3.bp.blogspot.com/-J0jO2WbCH7Q/UIcBkl5hU0I/AAAAAAAAAT4/Ad7oRWhg1co/s1600/IMG_8267.jpg
[%] Downloaded File

------------------------------------------

[%] Getting info on: https://www.sensational-yoga-poses.com/images/astavakrasana-prep-press-leg-against-arm-like-eka-pada-koundinyasana-9932.jpg
[%] Downloading Image #112 from https://www.sensational-yoga-poses.com/images/astavakrasana-prep-press-leg-against-arm-like-eka-pada-koundinyasana-9932.jpg
[%] Downloaded File

------------------------------------------

[%] Getting info on: https://static1.squarespace.com/static/56d881cc07eaa080bec7a61f/t/56d8afaa74e8d6190116516a/1457041322060/1000w/
[%] Downloading Image #113 from https://static1.squarespace.com/static/56d881cc07eaa080bec7a61f/t/56d8afaa74e8d6190116516a/1457041322060/1000w/
[%] Downloaded File

------------------------------------------

[%] Getting info on: https://yogaberd.files.wordpress.com/2015/08/img_8061.jpg?w=300&h=300
[%] Downloading Image #114 from https://yogaberd.files.wordpress.com/2015/08/img_8061.jpg?w=300&h=300
[%] Downloaded File

------------------------------------------

[%] Getting info on: http://afrikanyoga.com/wp-content/uploads/sites/3/2012/10/khemenu-and-astavakrsana0.jpg
[%] Downloading Image #115 from http://afrikanyoga.com/wp-content/uploads/sites/3/2012/10/khemenu-and-astavakrsana0.jpg
[%] Downloaded File

------------------------------------------

[%] Getting info on: https://thumbs.dreamstime.com/b/asana-astavakrasana-sporty-young-man-doing-yoga-pose-arm-strength-standing-asymmetrical-balance-ashtavakrasana-eight-angle-59068277.jpg
[%] Downloading Image #116 from https://thumbs.dreamstime.com/b/asana-astavakrasana-sporty-young-man-doing-yoga-pose-arm-strength-standing-asymmetrical-balance-ashtavakrasana-eight-angle-59068277.jpg
[%] Downloaded File

------------------------------------------

[%] Getting info on: https://mk0yogiapprovedp2frp.kinstacdn.com/wp-content/uploads/2017/05/Step-4-Astavakrasana.jpg
[%] Downloading Image #117 from https://mk0yogiapprovedp2frp.kinstacdn.com/wp-content/uploads/2017/05/Step-4-Astavakrasana.jpg
[%] Downloaded File

------------------------------------------

[%] Getting info on: https://static8.depositphotos.com/1163607/1027/i/950/depositphotos_10275121-stock-photo-young-woman-practicing-yoga-astavakrasana.jpg
[%] Downloading Image #118 from https://static8.depositphotos.com/1163607/1027/i/950/depositphotos_10275121-stock-photo-young-woman-practicing-yoga-astavakrasana.jpg
[%] Downloaded File

------------------------------------------

[%] Getting info on: http://www.yogaposes.com.br/static/admin/images/postures/_6_Tf5hJRAq_WdLKiP2GSo83ew_OT1B5RfP2Y_ATzuFfbyzOqs9ZH8TH4VYXEgxQ5bHJkyw0DFebDwrmLtNLKqjPLmcsmGv6s_oito-curvas.jpg
[%] Downloading Image #119 from http://www.yogaposes.com.br/static/admin/images/postures/_6_Tf5hJRAq_WdLKiP2GSo83ew_OT1B5RfP2Y_ATzuFfbyzOqs9ZH8TH4VYXEgxQ5bHJkyw0DFebDwrmLtNLKqjPLmcsmGv6s_oito-curvas.jpg
[%] Downloaded File

------------------------------------------

[%] Getting info on: https://media.gettyimages.com/photos/yoga-astavakrasana-picture-id638109382
[%] Downloading Image #120 from https://media.gettyimages.com/photos/yoga-astavakrasana-picture-id638109382
[%] Downloaded File

------------------------------------------

[%] Getting info on: https://media.gettyimages.com/photos/man-in-astavakrasana-pose-portrait-picture-id200319158-001
[%] Downloading Image #121 from https://media.gettyimages.com/photos/man-in-astavakrasana-pose-portrait-picture-id200319158-001
[%] Downloaded File

------------------------------------------

[%] Getting info on: http://elizabethkovar.com/wp-content/themes/everest/framework/extensions/timthumb/timthumb.php?src=http%3A%2F%2Felizabethkovar.com%2Fwp-content%2Fuploads%2F2012%2F08%2F15DSC_0451.jpg&w=443&h=332
[%] Downloading Image #122 from http://elizabethkovar.com/wp-content/themes/everest/framework/extensions/timthumb/timthumb.php?src=http%3A%2F%2Felizabethkovar.com%2Fwp-content%2Fuploads%2F2012%2F08%2F15DSC_0451.jpg&w=443&h=332
[%] Downloaded File

------------------------------------------

[%] Getting info on: https://www.featurepics.com/StockImage/20111024/woman-doing-yoga-posture-stock-image-2029025.jpg
[%] Downloading Image #123 from https://www.featurepics.com/StockImage/20111024/woman-doing-yoga-posture-stock-image-2029025.jpg
[%] Downloaded File

------------------------------------------

[%] Getting info on: https://www.ihanuman.com/sites/default/files/media/gallery/asana/schumacher_astavakrasana.jpeg
[%] Downloading Image #124 from https://www.ihanuman.com/sites/default/files/media/gallery/asana/schumacher_astavakrasana.jpeg
[%] Downloaded File

------------------------------------------

[%] Getting info on: https://www.ekhartyoga.com/media/imagick/faith-hunter-astavakrasana-pose-ekhartyoga.jpg
[%] Downloading Image #125 from https://www.ekhartyoga.com/media/imagick/faith-hunter-astavakrasana-pose-ekhartyoga.jpg
[%] Downloaded File

------------------------------------------

[%] Getting info on: https://yogawithmaheshwari.files.wordpress.com/2012/09/astavakrasana.jpg
[%] Downloading Image #126 from https://yogawithmaheshwari.files.wordpress.com/2012/09/astavakrasana.jpg
[%] Downloaded File

------------------------------------------

[%] Getting info on: https://i.pinimg.com/originals/52/ba/d9/52bad97516b52f66ea8517b59c26ec38.jpg
[%] Downloading Image #127 from https://i.pinimg.com/originals/52/ba/d9/52bad97516b52f66ea8517b59c26ec38.jpg
[%] Downloaded File

------------------------------------------

[%] Getting info on: https://www.urbanbliss.com/wp-content/uploads/2017/02/Astavakrasana.jpg
[%] Downloading Image #128 from https://www.urbanbliss.com/wp-content/uploads/2017/02/Astavakrasana.jpg
[%] Downloaded File

------------------------------------------

[%] Getting info on: https://c8.alamy.com/comp/FBAPWY/yogi-girl-exercising-doing-astavakrasana-eight-angle-yoga-pose-handstand-FBAPWY.jpg
[%] Downloading Image #129 from https://c8.alamy.com/comp/FBAPWY/yogi-girl-exercising-doing-astavakrasana-eight-angle-yoga-pose-handstand-FBAPWY.jpg
[%] Downloaded File

------------------------------------------

[%] Getting info on: http://www.yogaposeweekly.ali.fitness/wp-content/uploads/2013/01/Silvia2.jpg
[%] Downloading Image #130 from http://www.yogaposeweekly.ali.fitness/wp-content/uploads/2013/01/Silvia2.jpg
[!] Issue Downloading: http://www.yogaposeweekly.ali.fitness/wp-content/uploads/2013/01/Silvia2.jpg
[!] Error: HTTPConnectionPool(host='www.yogaposeweekly.ali.fitness', port=80): Max retries exceeded with url: /wp-content/uploads/2013/01/Silvia2.jpg (Caused by NewConnectionError('<requests.packages.urllib3.connection.HTTPConnection object at 0x7f0f2ec9a310>: Failed to establish a new connection: [Errno -2] Name or service not known',))
[!] Skipping http://www.yogaposeweekly.ali.fitness/wp-content/uploads/2013/01/Silvia2.jpg. Can't download or no metadata.


------------------------------------------

[%] Getting info on: http://3.bp.blogspot.com/-zaMQUoxJ1HA/TpWeJjOBLWI/AAAAAAAAPUw/YOs7BNjxZqk/s1600/YogaAnatomyBook_07_Astavakrasana.JPG
[%] Downloading Image #130 from http://3.bp.blogspot.com/-zaMQUoxJ1HA/TpWeJjOBLWI/AAAAAAAAPUw/YOs7BNjxZqk/s1600/YogaAnatomyBook_07_Astavakrasana.JPG
[%] Downloaded File

------------------------------------------

[%] Getting info on: https://78.media.tumblr.com/tumblr_m9uf5r53lu1rxfzlmo1_1280.jpg
[%] Downloading Image #131 from https://78.media.tumblr.com/tumblr_m9uf5r53lu1rxfzlmo1_1280.jpg
[%] Downloaded File

------------------------------------------

[%] Getting info on: https://static1.squarespace.com/static/55c395dde4b00a454e689077/57eaae102e69cfdc14baef78/57eaaf4b1b631be8477768fe/1474999340542/astavakrasana.jpg?format=2500w
[%] Downloading Image #132 from https://static1.squarespace.com/static/55c395dde4b00a454e689077/57eaae102e69cfdc14baef78/57eaaf4b1b631be8477768fe/1474999340542/astavakrasana.jpg?format=2500w
[%] Downloaded File

------------------------------------------

[%] Getting info on: http://www.yogisoup.com/wp-content/uploads/et_temp/IMG_0585-3940856_186x186.jpg
[%] Downloading Image #133 from http://www.yogisoup.com/wp-content/uploads/et_temp/IMG_0585-3940856_186x186.jpg
[%] Downloaded File

------------------------------------------

[%] Getting info on: https://www.boldsky.com/img/2016/08/astavakrasana-eight-angle-pose-to-improve-digestion-10-1470821196.jpg
[%] Downloading Image #134 from https://www.boldsky.com/img/2016/08/astavakrasana-eight-angle-pose-to-improve-digestion-10-1470821196.jpg
[%] Downloaded File

------------------------------------------

[%] Getting info on: https://i.ytimg.com/vi/meizGcM4MrE/hqdefault.jpg
[%] Downloading Image #135 from https://i.ytimg.com/vi/meizGcM4MrE/hqdefault.jpg
[%] Downloaded File

------------------------------------------

[%] Getting info on: https://grokker-pictures.freetls.fastly.net/52/2a/picture_522a4967ca7d9dca55000044_19
[%] Downloading Image #136 from https://grokker-pictures.freetls.fastly.net/52/2a/picture_522a4967ca7d9dca55000044_19
[%] Downloaded File

------------------------------------------

[%] Getting info on: http://www.fridabostrom.com/wp-content/uploads/2017/11/IMG_3256-300x300.jpg
[%] Downloading Image #137 from http://www.fridabostrom.com/wp-content/uploads/2017/11/IMG_3256-300x300.jpg
[%] Downloaded File

------------------------------------------

[%] Getting info on: https://c1.staticflickr.com/4/3814/10361499734_88531a2eb1_b.jpg
[%] Downloading Image #138 from https://c1.staticflickr.com/4/3814/10361499734_88531a2eb1_b.jpg
[%] Downloaded File

------------------------------------------

[%] Getting info on: https://www.sensational-yoga-poses.com/images/astavakrasana-prep-press-leg-against-arm-like-eka-pada-koundinyasana-0107.jpg
[%] Downloading Image #139 from https://www.sensational-yoga-poses.com/images/astavakrasana-prep-press-leg-against-arm-like-eka-pada-koundinyasana-0107.jpg
[%] Downloaded File

------------------------------------------

[%] Getting info on: https://sadhakanshit.com/files/12096/updates/18674/eight-angle-pose-astavakrasana_1530427181SqMmT7.jpeg
[%] Downloading Image #140 from https://sadhakanshit.com/files/12096/updates/18674/eight-angle-pose-astavakrasana_1530427181SqMmT7.jpeg
[%] Downloaded File

------------------------------------------

[%] Getting info on: http://healthyoga.science/wp-content/uploads/2018/06/yoga-pose-running-man-new-scissors-pose-running-man-pose-astavakrasana-yogi-of-yoga-pose-running-man.jpg
[%] Downloading Image #141 from http://healthyoga.science/wp-content/uploads/2018/06/yoga-pose-running-man-new-scissors-pose-running-man-pose-astavakrasana-yogi-of-yoga-pose-running-man.jpg
[%] Downloaded File

------------------------------------------

[%] Getting info on: https://as2.ftcdn.net/jpg/01/74/01/29/500_F_174012996_ItI7po9BgN26AWQxzMtzpaUdMQm8LriU.jpg
[%] Downloading Image #142 from https://as2.ftcdn.net/jpg/01/74/01/29/500_F_174012996_ItI7po9BgN26AWQxzMtzpaUdMQm8LriU.jpg
[%] Downloaded File

------------------------------------------

[%] Getting info on: https://www.yogamate.org/uploads/images/Eight-angle-pose_Astavakrasana-m.jpg
[%] Downloading Image #143 from https://www.yogamate.org/uploads/images/Eight-angle-pose_Astavakrasana-m.jpg
[%] Downloaded File

------------------------------------------

[%] Getting info on: https://static.wixstatic.com/media/5602a5_3248fbe965284001b23896752402666c~mv2.jpeg/v1/fill/w_290,h_290,al_c,q_80,usm_0.66_1.00_0.01/5602a5_3248fbe965284001b23896752402666c~mv2.webp
[%] Downloading Image #144 from https://static.wixstatic.com/media/5602a5_3248fbe965284001b23896752402666c~mv2.jpeg/v1/fill/w_290,h_290,al_c,q_80,usm_0.66_1.00_0.01/5602a5_3248fbe965284001b23896752402666c~mv2.webp
[%] Downloaded File

------------------------------------------

[%] Getting info on: http://2.bp.blogspot.com/-EcNu5vNhYR4/TuT6RWrfOAI/AAAAAAAABMA/9djUfkmXZbg/s1600/astavakrasana-r.jpg
[%] Downloading Image #145 from http://2.bp.blogspot.com/-EcNu5vNhYR4/TuT6RWrfOAI/AAAAAAAABMA/9djUfkmXZbg/s1600/astavakrasana-r.jpg
[%] Downloaded File

------------------------------------------

[%] Getting info on: http://www.yogawiz.com/images/yoga-poses/eight-angle-pose.jpg
[%] Downloading Image #146 from http://www.yogawiz.com/images/yoga-poses/eight-angle-pose.jpg
[%] Downloaded File

------------------------------------------

[%] Getting info on: https://i.ytimg.com/vi/Tzhy7BPB1vQ/maxresdefault.jpg
[%] Downloading Image #147 from https://i.ytimg.com/vi/Tzhy7BPB1vQ/maxresdefault.jpg
[%] Downloaded File

------------------------------------------

[%] Getting info on: https://s-media-cache-ak0.pinimg.com/originals/80/b8/ad/80b8ad3eef0936b80c6791cfc88ee9c9.jpg
[%] Downloading Image #148 from https://s-media-cache-ak0.pinimg.com/originals/80/b8/ad/80b8ad3eef0936b80c6791cfc88ee9c9.jpg
[%] Downloaded File

------------------------------------------

[%] Getting info on: https://myvirtualyoga.com/static/images/0-0x0/2013/09/2013-09-27-Eight-Angle-pose-Astavakrasana.jpg
[%] Downloading Image #149 from https://myvirtualyoga.com/static/images/0-0x0/2013/09/2013-09-27-Eight-Angle-pose-Astavakrasana.jpg
[%] Downloaded File

------------------------------------------

[%] Getting info on: http://elizabethkovar.com/wp-content/themes/everest/framework/extensions/timthumb/timthumb.php?src=http%3A%2F%2Felizabethkovar.com%2Fwp-content%2Fuploads%2F2012%2F08%2F3plank.jpg&w=442&h=332
[%] Downloading Image #150 from http://elizabethkovar.com/wp-content/themes/everest/framework/extensions/timthumb/timthumb.php?src=http%3A%2F%2Felizabethkovar.com%2Fwp-content%2Fuploads%2F2012%2F08%2F3plank.jpg&w=442&h=332
[%] Downloaded File

------------------------------------------

[%] Getting info on: https://yoga365fitness.files.wordpress.com/2014/06/astavakrasana.jpg?w=439
[%] Downloading Image #151 from https://yoga365fitness.files.wordpress.com/2014/06/astavakrasana.jpg?w=439
[%] Downloaded File

------------------------------------------

[%] Getting info on: https://c1.staticflickr.com/4/3115/2631891872_280695c510_b.jpg
[%] Downloading Image #152 from https://c1.staticflickr.com/4/3115/2631891872_280695c510_b.jpg
[%] Downloaded File

------------------------------------------

[%] Getting info on: https://c8.alamy.com/comp/HF5RR1/young-woman-in-astavakrasana-pose-against-the-city-and-river-HF5RR1.jpg
[%] Downloading Image #153 from https://c8.alamy.com/comp/HF5RR1/young-woman-in-astavakrasana-pose-against-the-city-and-river-HF5RR1.jpg
[%] Downloaded File

------------------------------------------

[%] Getting info on: https://dutchsmilingyogi.com/wp-content/uploads/2016/05/astavakrasana.jpg
[%] Downloading Image #154 from https://dutchsmilingyogi.com/wp-content/uploads/2016/05/astavakrasana.jpg
[!] Issue Downloading: https://dutchsmilingyogi.com/wp-content/uploads/2016/05/astavakrasana.jpg
[!] Error: ('Connection aborted.', BadStatusLine("''",))
[!] Skipping https://dutchsmilingyogi.com/wp-content/uploads/2016/05/astavakrasana.jpg. Can't download or no metadata.


------------------------------------------

[%] Getting info on: http://4.bp.blogspot.com/_gCDI8loVvQI/Rh-9uzA7OvI/AAAAAAAAAAM/9-yZP5qKlLU/s320/Hook+legs+to+side1.JPG
[%] Downloading Image #154 from http://4.bp.blogspot.com/_gCDI8loVvQI/Rh-9uzA7OvI/AAAAAAAAAAM/9-yZP5qKlLU/s320/Hook+legs+to+side1.JPG
[%] Downloaded File

------------------------------------------

[%] Getting info on: https://static1.squarespace.com/static/55be3105e4b06a28978fbbbf/t/56266b9fe4b0a91d302f7d88/1445358495591/1000w/
[%] Downloading Image #155 from https://static1.squarespace.com/static/55be3105e4b06a28978fbbbf/t/56266b9fe4b0a91d302f7d88/1445358495591/1000w/
[%] Downloaded File

------------------------------------------

[%] Getting info on: http://yepindeed.files.wordpress.com/2014/03/unnamed1.jpg
[%] Downloading Image #156 from http://yepindeed.files.wordpress.com/2014/03/unnamed1.jpg
[%] Downloaded File

------------------------------------------

[%] Getting info on: https://scontent.cdninstagram.com/t51.2885-15/s640x640/sh0.08/e35/13249669_1301176829910815_1590623459_n.jpg?ig_cache_key=MTI1Njg0MDkwNjM2NTEwNzU3NA%3D%3D.2.l
[%] Downloading Image #157 from https://scontent.cdninstagram.com/t51.2885-15/s640x640/sh0.08/e35/13249669_1301176829910815_1590623459_n.jpg?ig_cache_key=MTI1Njg0MDkwNjM2NTEwNzU3NA%3D%3D.2.l
[!] Issue Downloading: https://scontent.cdninstagram.com/t51.2885-15/s640x640/sh0.08/e35/13249669_1301176829910815_1590623459_n.jpg?ig_cache_key=MTI1Njg0MDkwNjM2NTEwNzU3NA%3D%3D.2.l
[!] Error: Image returned a 403 error.
[!] Skipping https://scontent.cdninstagram.com/t51.2885-15/s640x640/sh0.08/e35/13249669_1301176829910815_1590623459_n.jpg?ig_cache_key=MTI1Njg0MDkwNjM2NTEwNzU3NA%3D%3D.2.l. Can't download or no metadata.


------------------------------------------

[%] Getting info on: http://www.oceansoundyoga.com/uploads/1/7/1/7/17178626/8320095.png?475
[%] Downloading Image #157 from http://www.oceansoundyoga.com/uploads/1/7/1/7/17178626/8320095.png?475
[%] Downloaded File

------------------------------------------

[%] Getting info on: https://static1.squarespace.com/static/5707c34122482ee05f2f5fea/t/5771040fd2b857e3578b6904/1467024416525/
[%] Downloading Image #158 from https://static1.squarespace.com/static/5707c34122482ee05f2f5fea/t/5771040fd2b857e3578b6904/1467024416525/
[%] Downloaded File

------------------------------------------

[%] Getting info on: https://www.sensational-yoga-poses.com/images/astavakrasana-arm-balance-prep-shoulder-reach-bent-elbows-9869.jpg
[%] Downloading Image #159 from https://www.sensational-yoga-poses.com/images/astavakrasana-arm-balance-prep-shoulder-reach-bent-elbows-9869.jpg
[%] Downloaded File

------------------------------------------

[%] Getting info on: http://static.wixstatic.com/media/985f02_052c8459ae744dfa82dad3deca22b790.jpg/v1/fill/w_537,h_358,al_c,q_80,usm_0.66_1.00_0.01/985f02_052c8459ae744dfa82dad3deca22b790.webp
[%] Downloading Image #160 from http://static.wixstatic.com/media/985f02_052c8459ae744dfa82dad3deca22b790.jpg/v1/fill/w_537,h_358,al_c,q_80,usm_0.66_1.00_0.01/985f02_052c8459ae744dfa82dad3deca22b790.webp
[%] Downloaded File

------------------------------------------

[%] Getting info on: https://media.istockphoto.com/photos/enjoy-astavakrasana-yoga-in-nature-picture-id542306364
[%] Downloading Image #161 from https://media.istockphoto.com/photos/enjoy-astavakrasana-yoga-in-nature-picture-id542306364
[%] Downloaded File

------------------------------------------

[%] Getting info on: https://pbs.twimg.com/media/DAnkd_hXsAEKxha.jpg
[%] Downloading Image #162 from https://pbs.twimg.com/media/DAnkd_hXsAEKxha.jpg
[%] Downloaded File

------------------------------------------

[%] Getting info on: http://dailybreathjournal.com/wp-content/uploads/2010/10/ASTAVAKRASANA2.jpg
[%] Downloading Image #163 from http://dailybreathjournal.com/wp-content/uploads/2010/10/ASTAVAKRASANA2.jpg
[%] Downloaded File

------------------------------------------

[%] Getting info on: https://static1.squarespace.com/static/56d881cc07eaa080bec7a61f/t/56d8afaa74e8d61901165152/1457041322059/1000w/
[%] Downloading Image #164 from https://static1.squarespace.com/static/56d881cc07eaa080bec7a61f/t/56d8afaa74e8d61901165152/1457041322059/1000w/
[%] Downloaded File

------------------------------------------

[%] Getting info on: http://ashtangayogaproject.com/wp-content/uploads/2014/02/astavakrasana.jpg
[%] Downloading Image #165 from http://ashtangayogaproject.com/wp-content/uploads/2014/02/astavakrasana.jpg
[%] Downloaded File

------------------------------------------

[%] Getting info on: https://thumbs.dreamstime.com/b/young-attractive-happy-woman-practicing-yoga-standing-eight-angle-exercise-astavakrasana-pose-working-out-119701286.jpg
[%] Downloading Image #166 from https://thumbs.dreamstime.com/b/young-attractive-happy-woman-practicing-yoga-standing-eight-angle-exercise-astavakrasana-pose-working-out-119701286.jpg
[%] Downloaded File

------------------------------------------

[%] Getting info on: https://img.wonderhowto.com/img/50/00/63357450226687/0/practice-astavakrasana-yoga-pose-scissors-pose.300x140.jpg
[%] Downloading Image #167 from https://img.wonderhowto.com/img/50/00/63357450226687/0/practice-astavakrasana-yoga-pose-scissors-pose.300x140.jpg
[%] Downloaded File

------------------------------------------

[%] Getting info on: https://farm6.static.flickr.com/5149/5683945063_c7469f2356_b.jpg
[%] Downloading Image #168 from https://farm6.static.flickr.com/5149/5683945063_c7469f2356_b.jpg
[%] Downloaded File

------------------------------------------

[%] Getting info on: http://createyouressence.com/wp-content/uploads/2017/10/Eight-Angle-Pose-Astavakrasana.jpg
[%] Downloading Image #169 from http://createyouressence.com/wp-content/uploads/2017/10/Eight-Angle-Pose-Astavakrasana.jpg
[%] Downloaded File

------------------------------------------

[%] Getting info on: http://benoityoga.com/wp-content/uploads/2013/09/yoga-in-death-valley.jpg
[%] Downloading Image #170 from http://benoityoga.com/wp-content/uploads/2013/09/yoga-in-death-valley.jpg
[%] Downloaded File

------------------------------------------

[%] Getting info on: http://featherphotos.co/wp-content/uploads/2018/07/how-to-do-eight-angle-pose-astavakrasana-beautiful-of-eight-angle-yoga-pose.jpg
[%] Downloading Image #171 from http://featherphotos.co/wp-content/uploads/2018/07/how-to-do-eight-angle-pose-astavakrasana-beautiful-of-eight-angle-yoga-pose.jpg
[%] Downloaded File

------------------------------------------

[%] Getting info on: http://www.yogaposeweekly.ali.fitness/wp-content/uploads/2013/07/IMGP0110-600x337.jpg
[%] Downloading Image #172 from http://www.yogaposeweekly.ali.fitness/wp-content/uploads/2013/07/IMGP0110-600x337.jpg
[!] Issue Downloading: http://www.yogaposeweekly.ali.fitness/wp-content/uploads/2013/07/IMGP0110-600x337.jpg
[!] Error: HTTPConnectionPool(host='www.yogaposeweekly.ali.fitness', port=80): Max retries exceeded with url: /wp-content/uploads/2013/07/IMGP0110-600x337.jpg (Caused by NewConnectionError('<requests.packages.urllib3.connection.HTTPConnection object at 0x7f0f2ec9a690>: Failed to establish a new connection: [Errno -2] Name or service not known',))
[!] Skipping http://www.yogaposeweekly.ali.fitness/wp-content/uploads/2013/07/IMGP0110-600x337.jpg. Can't download or no metadata.


------------------------------------------

[%] Getting info on: http://www.yogacards.com/yoga-postures-2/yoga-cards/astavakrasana1.jpg
[%] Downloading Image #172 from http://www.yogacards.com/yoga-postures-2/yoga-cards/astavakrasana1.jpg
[%] Downloaded File

------------------------------------------

[%] Getting info on: http://photos1.blogger.com/blogger/3332/983/400/137_astavakrasana.jpg
[%] Downloading Image #173 from http://photos1.blogger.com/blogger/3332/983/400/137_astavakrasana.jpg
[%] Downloaded File

------------------------------------------

[%] Getting info on: https://c8.alamy.com/comp/DE26HR/woman-doing-yoga-exercises-astavakrasana-DE26HR.jpg
[%] Downloading Image #174 from https://c8.alamy.com/comp/DE26HR/woman-doing-yoga-exercises-astavakrasana-DE26HR.jpg
[%] Downloaded File

------------------------------------------

[%] Getting info on: http://www.yogasana.science/wp-content/uploads/2018/05/yoga-pose-eight-angle-awesome-eight-angle-pose-astavakrasana-goal-of-yoga-pose-eight-angle.jpg
[%] Downloading Image #175 from http://www.yogasana.science/wp-content/uploads/2018/05/yoga-pose-eight-angle-awesome-eight-angle-pose-astavakrasana-goal-of-yoga-pose-eight-angle.jpg
[%] Downloaded File

------------------------------------------

[%] Getting info on: https://static.wixstatic.com/media/5602a5_aa04b05825da4e1296a710a62c4492c9~mv2.jpeg/v1/fill/w_290,h_290,al_c,q_80,usm_0.66_1.00_0.01/5602a5_aa04b05825da4e1296a710a62c4492c9~mv2.webp
[%] Downloading Image #176 from https://static.wixstatic.com/media/5602a5_aa04b05825da4e1296a710a62c4492c9~mv2.jpeg/v1/fill/w_290,h_290,al_c,q_80,usm_0.66_1.00_0.01/5602a5_aa04b05825da4e1296a710a62c4492c9~mv2.webp
[%] Downloaded File

------------------------------------------

[%] Getting info on: https://pbs.twimg.com/media/DGe61CZW0AEElpY.jpg
[%] Downloading Image #177 from https://pbs.twimg.com/media/DGe61CZW0AEElpY.jpg
[%] Downloaded File

------------------------------------------

[%] Getting info on: http://acnecauses.info/wp-content/uploads/2018/07/38-best-sacral-yoga-images-on-pinterest-awesome-astavakrasana-pose-yoga-of-astavakrasana-pose-yoga.png
[%] Downloading Image #178 from http://acnecauses.info/wp-content/uploads/2018/07/38-best-sacral-yoga-images-on-pinterest-awesome-astavakrasana-pose-yoga-of-astavakrasana-pose-yoga.png
[%] Downloaded File

------------------------------------------

[%] Getting info on: https://www.yogajournal.com/.image/t_share/MTQ2MTgwNzEwODY2NjI1OTgx/image-placeholder-title.jpg
[%] Downloading Image #179 from https://www.yogajournal.com/.image/t_share/MTQ2MTgwNzEwODY2NjI1OTgx/image-placeholder-title.jpg
[%] Downloaded File

------------------------------------------

[%] Getting info on: https://lh5.googleusercontent.com/proxy/zHakbcdDNPZ6Tlbopxq4Iz1k3vvGXm8AjL0BrlV_PqCO_ZxqPRJ13CAJy5ZtUlJurMtEDR6X02aJVcNKGl50yjLL7_UQLeCd4p_xoyyRGsrifQpo2dmy1kYvmfy_9gRQUNoIWQ=s0-d
[%] Downloading Image #180 from https://lh5.googleusercontent.com/proxy/zHakbcdDNPZ6Tlbopxq4Iz1k3vvGXm8AjL0BrlV_PqCO_ZxqPRJ13CAJy5ZtUlJurMtEDR6X02aJVcNKGl50yjLL7_UQLeCd4p_xoyyRGsrifQpo2dmy1kYvmfy_9gRQUNoIWQ=s0-d
[%] Downloaded File

------------------------------------------

[%] Getting info on: https://vignette.wikia.nocookie.net/aforathlete/images/1/13/Astavakrasana.jpg/revision/latest?cb=20150623205928
[%] Downloading Image #181 from https://vignette.wikia.nocookie.net/aforathlete/images/1/13/Astavakrasana.jpg/revision/latest?cb=20150623205928
[%] Downloaded File

------------------------------------------

[%] Getting info on: https://i.ytimg.com/vi/Urh0_7_IcSQ/maxresdefault.jpg
[%] Downloading Image #182 from https://i.ytimg.com/vi/Urh0_7_IcSQ/maxresdefault.jpg
[%] Downloaded File

------------------------------------------

[%] Getting info on: https://c1.staticflickr.com/9/8288/7766294442_76c11ec153_b.jpg
[%] Downloading Image #183 from https://c1.staticflickr.com/9/8288/7766294442_76c11ec153_b.jpg
[%] Downloaded File

------------------------------------------

[%] Getting info on: https://image.shutterstock.com/z/stock-photo-asian-women-stretching-and-practices-yoga-in-handstand-push-ups-or-astavakrasana-healthy-lifestyle-712094998.jpg
[%] Downloading Image #184 from https://image.shutterstock.com/z/stock-photo-asian-women-stretching-and-practices-yoga-in-handstand-push-ups-or-astavakrasana-healthy-lifestyle-712094998.jpg
[%] Downloaded File

------------------------------------------

[%] Getting info on: https://cdn.xl.thumbs.canstockphoto.com/the-balasana-pose-sporty-fit-beautiful-young-brunette-woman-in-sportswear-bra-and-black-pants-picture_csp33095378.jpg
[%] Downloading Image #185 from https://cdn.xl.thumbs.canstockphoto.com/the-balasana-pose-sporty-fit-beautiful-young-brunette-woman-in-sportswear-bra-and-black-pants-picture_csp33095378.jpg
[%] Downloaded File

------------------------------------------

[%] Getting info on: https://previews.123rf.com/images/denboma/denboma1606/denboma160600238/60662435-on-an-sunny-day-this-man-enjoys-astavakrasana-yoga-in-nature.jpg
[%] Downloading Image #186 from https://previews.123rf.com/images/denboma/denboma1606/denboma160600238/60662435-on-an-sunny-day-this-man-enjoys-astavakrasana-yoga-in-nature.jpg
[%] Downloaded File

------------------------------------------

[%] Getting info on: https://blog.shambhalabarcelona.com/wp-content/uploads/2017/10/69-single-default.jpg
[%] Downloading Image #187 from https://blog.shambhalabarcelona.com/wp-content/uploads/2017/10/69-single-default.jpg
[%] Downloaded File

------------------------------------------

[%] Getting info on: http://4.bp.blogspot.com/-o2A0SSWyCTU/UaxsYG8RxAI/AAAAAAAAAXM/4w3QPJaxPD4/s1600/astavakrasana.JPG
[%] Downloading Image #188 from http://4.bp.blogspot.com/-o2A0SSWyCTU/UaxsYG8RxAI/AAAAAAAAAXM/4w3QPJaxPD4/s1600/astavakrasana.JPG
[%] Downloaded File

------------------------------------------

[%] Getting info on: https://st.depositphotos.com/3223917/4213/i/450/depositphotos_42138757-stock-photo-beautiful-young-woman-in-great.jpg
[%] Downloading Image #189 from https://st.depositphotos.com/3223917/4213/i/450/depositphotos_42138757-stock-photo-beautiful-young-woman-in-great.jpg
[%] Downloaded File

------------------------------------------

[%] Getting info on: https://farm2.staticflickr.com/1448/25419378864_51cd751ee3_b.jpg
[%] Downloading Image #190 from https://farm2.staticflickr.com/1448/25419378864_51cd751ee3_b.jpg
[%] Downloaded File

------------------------------------------

[%] Getting info on: https://i0.wp.com/ambujayoga.com/wp-content/uploads/2017/08/autumn-astavakrasana.jpg?ssl=1
[%] Downloading Image #191 from https://i0.wp.com/ambujayoga.com/wp-content/uploads/2017/08/autumn-astavakrasana.jpg?ssl=1
[%] Downloaded File

------------------------------------------

[%] Getting info on: https://c8.alamy.com/comp/C5PCN4/a-brown-haired-caucasian-woman-is-doing-yoga-exercise-astavakrasana-C5PCN4.jpg
[%] Downloading Image #192 from https://c8.alamy.com/comp/C5PCN4/a-brown-haired-caucasian-woman-is-doing-yoga-exercise-astavakrasana-C5PCN4.jpg
[%] Downloaded File

------------------------------------------

[%] Getting info on: https://static1.squarespace.com/static/5008a3c6c4aa6450352d2303/t/505c5a3d84aead8d3fc2df51/1348229694905/photo.JPG
[%] Downloading Image #193 from https://static1.squarespace.com/static/5008a3c6c4aa6450352d2303/t/505c5a3d84aead8d3fc2df51/1348229694905/photo.JPG
[%] Downloaded File

------------------------------------------

[%] Getting info on: https://cdn.shopify.com/s/files/1/0064/9962/articles/ab0127142_x600.jpg?v=1518294863
[%] Downloading Image #194 from https://cdn.shopify.com/s/files/1/0064/9962/articles/ab0127142_x600.jpg?v=1518294863
[%] Downloaded File

------------------------------------------

[%] Getting info on: https://img.wonderhowto.com/img/30/06/63402891110279/0/do-yoga-ei